2021-01-27 15:22:18,694 :INFO : test_logintest :TEST HAS BEEN COMPLETED
2021-01-27 15:44:58,867 :INFO : test_logintest :TEST HAS BEEN COMPLETED
2021-01-27 15:45:24,333 :INFO : test_logintest :TEST HAS BEEN COMPLETED
2021-01-27 15:45:38,280 :INFO : test_logintest :TEST HAS BEEN COMPLETED
2021-01-27 15:45:51,050 :INFO : test_logintest :TEST HAS BEEN COMPLETED
2021-01-27 15:46:10,773 :INFO : test_logintest :TEST HAS BEEN COMPLETED
2021-01-27 15:48:39,397 :INFO : test_logintest :TEST HAS BEEN COMPLETED
2021-01-27 15:48:44,950 :INFO : test_pageCreation :TEST HAS STARTED
2021-01-27 15:51:03,156 :INFO : test_logintest :TEST HAS BEEN COMPLETED
2021-01-27 15:51:08,517 :INFO : test_pageCreation :TEST HAS STARTED
2021-01-27 15:51:45,086 :INFO : test_logintest :TEST HAS BEEN COMPLETED
2021-01-27 15:51:50,599 :INFO : test_pageCreation :TEST HAS STARTED
2021-01-27 15:52:25,589 :INFO : test_logintest :TEST HAS BEEN COMPLETED
2021-01-27 15:52:31,148 :INFO : test_pageCreation :TEST HAS STARTED
2021-01-27 15:53:03,067 :INFO : test_logintest :TEST HAS BEEN COMPLETED
2021-01-27 15:53:08,634 :INFO : test_pageCreation :TEST HAS STARTED
2021-01-27 15:56:21,650 :INFO : test_logintest :TEST HAS BEEN COMPLETED
2021-01-27 15:56:27,091 :INFO : test_pageCreation :TEST HAS STARTED
2021-01-28 15:36:26,840 :INFO : test_coupon_creation :TEST HAS STARTED
2021-01-28 15:36:34,810 :INFO : test_logintest :TEST HAS BEEN COMPLETED
2021-01-28 15:36:40,335 :INFO : test_pageCreation :TEST HAS STARTED
2021-01-28 15:36:47,611 :INFO : test_product_creation :TEST HAS STARTED
2021-01-29 16:11:29,525 :INFO : test_coupon_creation :TEST HAS STARTED
2021-01-29 16:11:36,576 :INFO : test_logintest :TEST HAS BEEN COMPLETED
2021-01-29 16:11:42,241 :INFO : test_pageCreation :TEST HAS STARTED
2021-01-29 16:11:49,308 :INFO : test_product_creation :TEST HAS STARTED
2021-01-29 16:24:18,556 :INFO : test_coupon_creation :TEST HAS STARTED
2021-01-29 16:24:32,192 :INFO : test_logintest :TEST HAS BEEN COMPLETED
2021-01-29 16:24:37,667 :INFO : test_pageCreation :TEST HAS STARTED
2021-01-29 16:24:45,405 :INFO : test_product_creation :TEST HAS STARTED
2021-02-04 15:41:06,541 :INFO : test_logintest :TEST HAS BEEN COMPLETED
2021-02-04 15:41:12,110 :INFO : test_coupon_creation :TEST HAS STARTED
2021-02-04 15:41:24,913 :INFO : test_image_upload :TEST HAS STARTED
2021-02-04 15:41:51,631 :INFO : test_pageCreation :TEST HAS STARTED
2021-02-04 15:41:59,312 :INFO : test_product_creation :TEST HAS STARTED
2021-02-08 15:13:05,749 :INFO : test_logintest :TEST HAS BEEN COMPLETED
2021-02-08 15:13:13,900 :INFO : test_coupon_creation :TEST HAS STARTED
2021-02-08 15:13:19,582 :INFO : test_image_upload :TEST HAS STARTED
2021-02-08 15:13:29,871 :INFO : test_pageCreation :TEST HAS STARTED
2021-02-08 15:13:35,534 :INFO : test_product_creation :TEST HAS STARTED
2021-02-08 15:13:52,669 :INFO : test_image_upload :TEST HAS STARTED
2021-02-08 15:13:52,669 :INFO : test_image_upload :TEST HAS STARTED
2021-02-08 15:13:58,370 :INFO : test_image_upload :TEST HAS STARTED
2021-02-08 15:13:58,370 :INFO : test_image_upload :TEST HAS STARTED
2021-02-08 15:13:58,370 :INFO : test_image_upload :TEST HAS STARTED
2021-02-08 15:14:17,429 :INFO : test_logintest :TEST HAS BEEN COMPLETED
2021-02-08 15:14:23,094 :INFO : test_coupon_creation :TEST HAS STARTED
2021-02-08 15:14:36,204 :INFO : test_image_upload :TEST HAS STARTED
2021-02-08 15:15:02,950 :INFO : test_pageCreation :TEST HAS STARTED
2021-02-08 15:15:10,644 :INFO : test_product_creation :TEST HAS STARTED
2021-02-08 15:15:26,602 :INFO : test_image_upload :TEST HAS STARTED
2021-02-08 15:15:26,602 :INFO : test_image_upload :TEST HAS STARTED
2021-02-08 15:15:50,209 :INFO : test_image_upload :TEST HAS STARTED
2021-02-08 15:15:50,209 :INFO : test_image_upload :TEST HAS STARTED
2021-02-08 15:15:50,209 :INFO : test_image_upload :TEST HAS STARTED
